<?xml version="1.0" encoding="UTF-8"?>
<coverage generated="1750605309735" clover="3.2.0">
  <project timestamp="1750605309736" name="All files">
    <metrics statements="37" coveredstatements="37" conditionals="15" coveredconditionals="13" methods="9" coveredmethods="9" elements="61" coveredelements="59" complexity="0" loc="37" ncloc="37" packages="3" files="3" classes="3"/>
    <package name="Music Tracker API">
      <metrics statements="7" coveredstatements="7" conditionals="0" coveredconditionals="0" methods="1" coveredmethods="1"/>
      <file name="db.js" path="C:\Users\KIIT\Desktop\abc\Music Tracker API\db.js">
        <metrics statements="7" coveredstatements="7" conditionals="0" coveredconditionals="0" methods="1" coveredmethods="1"/>
        <line num="1" count="3" type="stmt"/>
        <line num="2" count="3" type="stmt"/>
        <line num="4" count="3" type="stmt"/>
        <line num="5" count="3" type="stmt"/>
        <line num="12" count="3" type="stmt"/>
        <line num="17" count="3" type="stmt"/>
        <line num="25" count="3" type="stmt"/>
      </file>
    </package>
    <package name="Music Tracker API.controllers">
      <metrics statements="22" coveredstatements="22" conditionals="15" coveredconditionals="13" methods="8" coveredmethods="8"/>
      <file name="songController.js" path="C:\Users\KIIT\Desktop\abc\Music Tracker API\controllers\songController.js">
        <metrics statements="22" coveredstatements="22" conditionals="15" coveredconditionals="13" methods="8" coveredmethods="8"/>
        <line num="1" count="3" type="stmt"/>
        <line num="2" count="3" type="stmt"/>
        <line num="3" count="4" type="stmt"/>
        <line num="4" count="4" type="cond" truecount="2" falsecount="0"/>
        <line num="5" count="3" type="stmt"/>
        <line num="9" count="3" type="stmt"/>
        <line num="10" count="5" type="stmt"/>
        <line num="11" count="5" type="cond" truecount="5" falsecount="0"/>
        <line num="12" count="2" type="stmt"/>
        <line num="15" count="3" type="stmt"/>
        <line num="16" count="3" type="cond" truecount="1" falsecount="1"/>
        <line num="17" count="3" type="stmt"/>
        <line num="20" count="3" type="stmt"/>
        <line num="21" count="4" type="stmt"/>
        <line num="22" count="4" type="cond" truecount="2" falsecount="0"/>
        <line num="23" count="3" type="stmt"/>
        <line num="27" count="3" type="stmt"/>
        <line num="28" count="5" type="stmt"/>
        <line num="29" count="5" type="cond" truecount="2" falsecount="0"/>
        <line num="31" count="3" type="stmt"/>
        <line num="32" count="3" type="cond" truecount="1" falsecount="1"/>
        <line num="33" count="3" type="stmt"/>
      </file>
    </package>
    <package name="Music Tracker API.routes">
      <metrics statements="8" coveredstatements="8" conditionals="0" coveredconditionals="0" methods="0" coveredmethods="0"/>
      <file name="songRoutes.js" path="C:\Users\KIIT\Desktop\abc\Music Tracker API\routes\songRoutes.js">
        <metrics statements="8" coveredstatements="8" conditionals="0" coveredconditionals="0" methods="0" coveredmethods="0"/>
        <line num="1" count="2" type="stmt"/>
        <line num="2" count="2" type="stmt"/>
        <line num="3" count="2" type="stmt"/>
        <line num="4" count="2" type="stmt"/>
        <line num="5" count="2" type="stmt"/>
        <line num="6" count="2" type="stmt"/>
        <line num="7" count="2" type="stmt"/>
        <line num="9" count="2" type="stmt"/>
      </file>
    </package>
  </project>
</coverage>
