{"C:\\Users\\KIIT\\Desktop\\abc\\Music Tracker API\\db.js": {"path":"C:\\Users\\KIIT\\Desktop\\abc\\Music Tracker API\\db.js","statementMap":{"0":{"start":{"line":1,"column":16},"end":{"line":1,"column":44}},"1":{"start":{"line":2,"column":11},"end":{"line":2,"column":45}},"2":{"start":{"line":4,"column":0},"end":{"line":23,"column":3}},"3":{"start":{"line":5,"column":2},"end":{"line":10,"column":6}},"4":{"start":{"line":12,"column":2},"end":{"line":15,"column":6}},"5":{"start":{"line":17,"column":2},"end":{"line":22,"column":6}},"6":{"start":{"line":25,"column":0},"end":{"line":25,"column":20}}},"fnMap":{"0":{"name":"(anonymous_0)","decl":{"start":{"line":4,"column":13},"end":{"line":4,"column":14}},"loc":{"start":{"line":4,"column":19},"end":{"line":23,"column":1}},"line":4}},"branchMap":{},"s":{"0":3,"1":3,"2":3,"3":3,"4":3,"5":3,"6":3},"f":{"0":3},"b":{},"_coverageSchema":"1a1c01bbd47fc00a2c39e90264f33305004495a9","hash":"ca3c212214d17af7d631c5755b4b3e45627fe42b"}
,"C:\\Users\\KIIT\\Desktop\\abc\\Music Tracker API\\controllers\\songController.js": {"path":"C:\\Users\\KIIT\\Desktop\\abc\\Music Tracker API\\controllers\\songController.js","statementMap":{"0":{"start":{"line":1,"column":11},"end":{"line":1,"column":27}},"1":{"start":{"line":2,"column":0},"end":{"line":7,"column":2}},"2":{"start":{"line":3,"column":2},"end":{"line":6,"column":5}},"3":{"start":{"line":4,"column":4},"end":{"line":4,"column":65}},"4":{"start":{"line":4,"column":13},"end":{"line":4,"column":65}},"5":{"start":{"line":5,"column":4},"end":{"line":5,"column":19}},"6":{"start":{"line":9,"column":0},"end":{"line":19,"column":2}},"7":{"start":{"line":10,"column":35},"end":{"line":10,"column":43}},"8":{"start":{"line":11,"column":2},"end":{"line":13,"column":3}},"9":{"start":{"line":12,"column":4},"end":{"line":12,"column":66}},"10":{"start":{"line":15,"column":2},"end":{"line":18,"column":5}},"11":{"start":{"line":16,"column":4},"end":{"line":16,"column":65}},"12":{"start":{"line":16,"column":13},"end":{"line":16,"column":65}},"13":{"start":{"line":17,"column":4},"end":{"line":17,"column":68}},"14":{"start":{"line":20,"column":0},"end":{"line":25,"column":2}},"15":{"start":{"line":21,"column":2},"end":{"line":24,"column":5}},"16":{"start":{"line":22,"column":4},"end":{"line":22,"column":65}},"17":{"start":{"line":22,"column":13},"end":{"line":22,"column":65}},"18":{"start":{"line":23,"column":4},"end":{"line":23,"column":19}},"19":{"start":{"line":27,"column":0},"end":{"line":35,"column":2}},"20":{"start":{"line":28,"column":19},"end":{"line":28,"column":27}},"21":{"start":{"line":29,"column":2},"end":{"line":29,"column":81}},"22":{"start":{"line":29,"column":13},"end":{"line":29,"column":81}},"23":{"start":{"line":31,"column":2},"end":{"line":34,"column":5}},"24":{"start":{"line":32,"column":4},"end":{"line":32,"column":65}},"25":{"start":{"line":32,"column":13},"end":{"line":32,"column":65}},"26":{"start":{"line":33,"column":4},"end":{"line":33,"column":52}}},"fnMap":{"0":{"name":"(anonymous_0)","decl":{"start":{"line":2,"column":19},"end":{"line":2,"column":20}},"loc":{"start":{"line":2,"column":33},"end":{"line":7,"column":1}},"line":2},"1":{"name":"(anonymous_1)","decl":{"start":{"line":3,"column":32},"end":{"line":3,"column":33}},"loc":{"start":{"line":3,"column":47},"end":{"line":6,"column":3}},"line":3},"2":{"name":"(anonymous_2)","decl":{"start":{"line":9,"column":18},"end":{"line":9,"column":19}},"loc":{"start":{"line":9,"column":32},"end":{"line":19,"column":1}},"line":9},"3":{"name":"(anonymous_3)","decl":{"start":{"line":15,"column":94},"end":{"line":15,"column":95}},"loc":{"start":{"line":15,"column":109},"end":{"line":18,"column":3}},"line":15},"4":{"name":"(anonymous_4)","decl":{"start":{"line":20,"column":23},"end":{"line":20,"column":24}},"loc":{"start":{"line":20,"column":37},"end":{"line":25,"column":1}},"line":20},"5":{"name":"(anonymous_5)","decl":{"start":{"line":21,"column":36},"end":{"line":21,"column":37}},"loc":{"start":{"line":21,"column":51},"end":{"line":24,"column":3}},"line":21},"6":{"name":"(anonymous_6)","decl":{"start":{"line":27,"column":25},"end":{"line":27,"column":26}},"loc":{"start":{"line":27,"column":39},"end":{"line":35,"column":1}},"line":27},"7":{"name":"(anonymous_7)","decl":{"start":{"line":31,"column":60},"end":{"line":31,"column":61}},"loc":{"start":{"line":31,"column":75},"end":{"line":34,"column":3}},"line":31}},"branchMap":{"0":{"loc":{"start":{"line":4,"column":4},"end":{"line":4,"column":65}},"type":"if","locations":[{"start":{"line":4,"column":4},"end":{"line":4,"column":65}},{"start":{},"end":{}}],"line":4},"1":{"loc":{"start":{"line":11,"column":2},"end":{"line":13,"column":3}},"type":"if","locations":[{"start":{"line":11,"column":2},"end":{"line":13,"column":3}},{"start":{},"end":{}}],"line":11},"2":{"loc":{"start":{"line":11,"column":6},"end":{"line":11,"column":33}},"type":"binary-expr","locations":[{"start":{"line":11,"column":6},"end":{"line":11,"column":12}},{"start":{"line":11,"column":16},"end":{"line":11,"column":23}},{"start":{"line":11,"column":27},"end":{"line":11,"column":33}}],"line":11},"3":{"loc":{"start":{"line":16,"column":4},"end":{"line":16,"column":65}},"type":"if","locations":[{"start":{"line":16,"column":4},"end":{"line":16,"column":65}},{"start":{},"end":{}}],"line":16},"4":{"loc":{"start":{"line":22,"column":4},"end":{"line":22,"column":65}},"type":"if","locations":[{"start":{"line":22,"column":4},"end":{"line":22,"column":65}},{"start":{},"end":{}}],"line":22},"5":{"loc":{"start":{"line":29,"column":2},"end":{"line":29,"column":81}},"type":"if","locations":[{"start":{"line":29,"column":2},"end":{"line":29,"column":81}},{"start":{},"end":{}}],"line":29},"6":{"loc":{"start":{"line":32,"column":4},"end":{"line":32,"column":65}},"type":"if","locations":[{"start":{"line":32,"column":4},"end":{"line":32,"column":65}},{"start":{},"end":{}}],"line":32}},"s":{"0":3,"1":3,"2":4,"3":4,"4":1,"5":3,"6":3,"7":5,"8":5,"9":2,"10":3,"11":3,"12":0,"13":3,"14":3,"15":4,"16":4,"17":1,"18":3,"19":3,"20":5,"21":5,"22":2,"23":3,"24":3,"25":0,"26":3},"f":{"0":4,"1":4,"2":5,"3":3,"4":4,"5":4,"6":5,"7":3},"b":{"0":[1,3],"1":[2,3],"2":[5,3,3],"3":[0,3],"4":[1,3],"5":[2,3],"6":[0,3]},"_coverageSchema":"1a1c01bbd47fc00a2c39e90264f33305004495a9","hash":"da364acf73ddf098c889e3441f16d70f3db5523a"}
,"C:\\Users\\KIIT\\Desktop\\abc\\Music Tracker API\\routes\\songRoutes.js": {"path":"C:\\Users\\KIIT\\Desktop\\abc\\Music Tracker API\\routes\\songRoutes.js","statementMap":{"0":{"start":{"line":1,"column":16},"end":{"line":1,"column":34}},"1":{"start":{"line":2,"column":15},"end":{"line":2,"column":31}},"2":{"start":{"line":3,"column":23},"end":{"line":3,"column":63}},"3":{"start":{"line":4,"column":0},"end":{"line":4,"column":46}},"4":{"start":{"line":5,"column":0},"end":{"line":5,"column":46}},"5":{"start":{"line":6,"column":0},"end":{"line":6,"column":54}},"6":{"start":{"line":7,"column":0},"end":{"line":7,"column":57}},"7":{"start":{"line":9,"column":0},"end":{"line":9,"column":24}}},"fnMap":{},"branchMap":{},"s":{"0":2,"1":2,"2":2,"3":2,"4":2,"5":2,"6":2,"7":2},"f":{},"b":{},"_coverageSchema":"1a1c01bbd47fc00a2c39e90264f33305004495a9","hash":"962bd89f644e1beda17b3d956fb2e3aec060ab4e"}
}
