TN:
SF:db.js
FN:4,(anonymous_0)
FNF:1
FNH:1
FNDA:3,(anonymous_0)
DA:1,3
DA:2,3
DA:4,3
DA:5,3
DA:12,3
DA:17,3
DA:25,3
LF:7
LH:7
BRF:0
BRH:0
end_of_record
TN:
SF:controllers\songController.js
FN:2,(anonymous_0)
FN:3,(anonymous_1)
FN:9,(anonymous_2)
FN:15,(anonymous_3)
FN:20,(anonymous_4)
FN:21,(anonymous_5)
FN:27,(anonymous_6)
FN:31,(anonymous_7)
FNF:8
FNH:8
FNDA:4,(anonymous_0)
FNDA:4,(anonymous_1)
FNDA:5,(anonymous_2)
FNDA:3,(anonymous_3)
FNDA:4,(anonymous_4)
FNDA:4,(anonymous_5)
FNDA:5,(anonymous_6)
FNDA:3,(anonymous_7)
DA:1,3
DA:2,3
DA:3,4
DA:4,4
DA:5,3
DA:9,3
DA:10,5
DA:11,5
DA:12,2
DA:15,3
DA:16,3
DA:17,3
DA:20,3
DA:21,4
DA:22,4
DA:23,3
DA:27,3
DA:28,5
DA:29,5
DA:31,3
DA:32,3
DA:33,3
LF:22
LH:22
BRDA:4,0,0,1
BRDA:4,0,1,3
BRDA:11,1,0,2
BRDA:11,1,1,3
BRDA:11,2,0,5
BRDA:11,2,1,3
BRDA:11,2,2,3
BRDA:16,3,0,0
BRDA:16,3,1,3
BRDA:22,4,0,1
BRDA:22,4,1,3
BRDA:29,5,0,2
BRDA:29,5,1,3
BRDA:32,6,0,0
BRDA:32,6,1,3
BRF:15
BRH:13
end_of_record
TN:
SF:routes\songRoutes.js
FNF:0
FNH:0
DA:1,2
DA:2,2
DA:3,2
DA:4,2
DA:5,2
DA:6,2
DA:7,2
DA:9,2
LF:8
LH:8
BRF:0
BRH:0
end_of_record
